25353196
233
3731664598
714290737
714290737
3802711271
62778817
3099228035
4118929945
2973925915
233
4002959172
1228247159
3574307327
1791363487
783675249
2456798239
1819167135
233
3601737989
356136607
1351958122
375155751
233
3693923412
3014377700
4058541939
1876500652
3305575263
2652771660
25353196
506739063
3688970949
25353196
1144598190
2760763422
1014369515
3220294911
2378291166
1789647597
807893695
1217294921
12703859
2310444548
2226879184
2720545557
358002288
233
3984835678
3804881152
1679480888
2082803603
712377787
3962957239
1903292224
2046251260
213102680
239379770
3667331074
530817359
3747173223
805364592
2613625952
25353196
4007012985
3113409772
3762454429
4217703607
25353196
3880236423
2499138738
714290737
1886125182
3878090591
4028873329
12703859
12703859
499219532
2550434000
3467737498
1075724174
2226879184
233
12703859
12703859
46603264
2552049216
2911593701
239379770
3582158539
1595912448
1793994907
799501047
25353196
1856114089
3942149903
245971287
4021453523
1379872952
3163262229
3791484016
2162770104
1601397102
2945967007
278149033
