599782370
870408084
43977623
407351574
508933327
971688227
611523150
989954083
728202446
786684339
307942508
462622608
291403533
904607288
811562228
736499551
426382128
601300364
145941281
961311473
148112814
307678628
690518738
770084108
211689713
811558506
274281046
460824273
963493284
675232323
205684738
628266331
716671189
938952799
778486180
443385671
86675234
328726531
428250716
709190621
164593491
877854898
988332160
421544994
664028901
245806941
233618144
515325843
6323263
511893019
411464049
47856546
872478906
652189900
366884735
803244143
646045337
844767424
478902682
936229545
660083978
400083903
323840499
983081308
843726234
179172742
965748909
327766346
896234137
820209819
425985987
712620023
586752016
550629360
230459920
508913790
719144867
718746089
592622105
578114591
855728295
429036782
531754601
585174006
643564472
148425266
404214127
397275635
817846438
247757948
972766073
26200272
731767961
692764397
264247493
854042069
679485574
835082308
449990140
239327974
