131479
62337
65062
187501
65972
3
67073
64229
132163
67021
1
63213
65241
63736
64738
65320
62468
64013
1
1
250000
2
65284
187581
64123
64571
187536
67726
67601
63246
64656
67331
64681
66242
70994
133105
187504
66500
64707
65533
66446
66573
64897
63149
66213
64582
70613
65366
187525
68029
65521
3
65007
1
63658
66157
63285
68067
3
64953
1
66852
187581
66838
64829
1
67810
63531
2
64989
64395
69144
66665
65406
65808
64777
67680
64560
64539
65351
67449
65401
64496
64780
66136
63738
64325
66419
69997
71987
131366
65953
64324
64752
66203
63257
68835
63209
65058
66132
65563
65736
65646
64783
64218
1
66168
68240
67050
65131
3
66796
67842
68060
131818
65545
65449
70828
69043
1
69483
66897
1
67532
250000
187501
68255
65490
67310
63845
70687
2
65598
250000
68537
64889
68372
67803
65784
67036
66932
65703
68372
69298
65738
63994
66254
65309
65603
68011
66323
66108
67101
66255
66645
65919
70225
68071
187900
65599
1
63988
68098
65792
63709
65243
62638
66253
66638
65369
131507
63809
65008
64278
133277
131589
1
131001
68416
65428
187564
64265
187696
63352
250000
68272
66922
66306
66749
68157
64262
65157
66460
64731
64333
63173
69162
66539
4
67387
66014
66175
93617
1
67091
131523
65877
62948
68593
66626
65368
66981
66364
65206
63853
67835
67764
66116
250000
187501
65529
66207
62697
250000
69219
65849
65195
66303
67512
66292
250000
64368
66129
65860
66930
65970
65873
2
69872
3
69306
66437
66403
67032
64856
95230
67029
68130
67806
1
67014
63709
66753
68182
66533
65620
4
67059
66418
64304
65655
3
66193
65901
66180
67962
64309
64017
68216
65899
64722
63872
64416
69285
65305
2
64424
71631
63507
65491
67825
64429
64209
1
67627
67180
67555
69595
67738
64835
64868
63974
66521
132043
68896
65575
66176
66314
62909
63954
66467
65102
67138
67918
67780
67361
64989
67371
64748
67057
64393
67488
187525
65881
66550
64445
67208
65282
68726
65896
63749
65360
250000
62657
66205
68115
67342
67123
67258
131012
66502
64365
1
61513
63426
64462
64808
69737
66386
66539
66542
63193
65685
63045
66556
66321
65552
65614
66781
3
67939
1
250000
65132
65054
250000
63037
2
66880
67871
66749
250000
64536
91670
68054
67952
66012
61334
65980
64992
90514
64460
65773
65079
63525
68803
65952
66761
63527
63531
66942
68727
95184
66503
66794
66722
64381
64785
250000
65337
68534
67544
66150
63036
2
67276
1
64191
68045
1
65533
64610
64221
67228
66097
65152
65622
66866
66567
132607
94189
132806
66759
69273
63552
64495
67017
66876
66013
63927
64230
68167
1
63067
64752
63710
67702
64706
63501
64279
68895
66160
65586
65224
64544
68600
4
65333
64463
130989
3
66997
133197
63736
66249
66709
65425
1
187564
67171
61035
1
61862
64440
65960
187725
250000
63979
64013
66287
66967
61330
66019
66990
250000
65225
64763
187564
66969
64926
1
63399
250000
64453
65706
250000
63918
64051
67136
65053
64881
2
63185
187516
63283
65720
1
64745
68054
250000
64856
65634
67482
63812
66067
67111
67313
64933
63342
66132
64381
64924
2
66182
250000
67662
96333
187644
68462
66583
67154
250000
66813
65988
69343
65604
66431
66793
65451
67466
63920
67257
66433
64443
66793
131498
64599
64951
63140
1
63466
64451
64293
66861
92604
67051
187581
65229
250000
66491
3
65443
3
68768
62562
68078
63738
65996
68291
66944
67579
68124
67945
65693
67142
65660
69365
65983
250000
65073
63654
1
66729
66147
3
65859
65743
68106
64963
3
93993
250000
66309
94324
67908
65401
65681
3
63756
65797
64956
64205
1
65969
1
65275
67873
250000
93056
65944
1
66741
4
62828
91083
63352
93786
65911
91031
65384
65645
91792
67634
65005
67149
66166
187536
65836
68069
64244
66796
66630
131141
95305
250000
250000
66582
65637
67101
187725
63276
68150
67855
65595
66966
64245
67201
62999
65872
66035
3
68738
65458
65606
64755
61105
64019
250000
65684
68354
64194
67790
187504
64323
63785
66816
66024
66873
65272
67629
187600
63235
67358
62836
2
61322
65119
67305
62166
68642
1
91986
67846
68030
67471
64482
66543
250000
63413
64589
95586
65430
68474
65002
63496
67313
68547
66876
187564
67400
63503
65786
63932
68341
68276
69911
66273
64567
66536
66274
3
61801
63102
65015
1
71610
1
63898
1
70052
67999
64363
65327
66958
64749
250000
250000
65307
65317
250000
66007
91515
66507
65759
66544
71489
67050
66441
131069
68856
67318
67232
63957
64856
250000
67427
66601
67292
1
67142
68707
250000
68641
64769
62545
67065
92439
64877
65010
64258
67358
67239
65040
92705
66709
66714
64686
65031
67613
63970
1
65334
187581
67575
64171
64449
69527
64433
64460
250000
64136
63711
64816
67579
2
64747
66495
66283
60966
2
68339
3
64806
66346
66912
64325
69673
1
67538
65594
67190
66031
130613
65317
64961
66978
64566
65476
67309
64460
65855
67980
65447
64427
1
64006
2
1
64728
62877
66376
67020
131427
63676
67285
64166
65003
65881
66026
66751
66184
66049
61922
1
65559
65248
67196
91824
63692
187581
250000
65498
67733
68609
66219
67281
1
187525
63661
62198
65745
68735
67194
65451
63132
65754
66675
64567
65890
66082
66886
1
66792
66096
65738
250000
96352
1
131178
65355
94287
65454
64984
67025
64542
67552
1
66095
65316
66742
67300
1
64372
66647
250000
67085
131897
1
133118
64513
68338
1
1
67413
61940
68366
66721
69746
64891
134287
187500
68401
65479
64626
66021
68188
66612
65857
68770
66626
65302
67149
250000
66823
1
66324
93991
65922
1
69757
66847
131297
187581
65205
92668
3
64430
4
65747
66432
3
133415
63534
68377
61213
67488
65818
67769
67701
66030
65811
68504
1
65301
64606
64982
250000
63241
64152
64360
65136
66613
66174
62661
67910
65271
66601
3
66931
65025
187536
66837
90629
65399
65115
131031
67652
2
65305
66639
63748
64139
66671
67073
67145
132489
67573
1
187525
2
66606
63369
250000
66838
66725
65986
2
66478
1
67314
65401
64309
68018
65818
64763
67057
68600
92069
65009
93396
66752
62246
66232
65376
69420
66048
63712
69474
250000
67529
187696
63721
66761
67336
64291
65792
67302
66616
92331
69160
7206238312
