0
1
0
0
0
0
0
0
0
0
0
0
0
0
0
0
0
0
0
6
0
0
0
0
0
0
124
0
0
0
0
0
108
62
13514
25506
0
0
0
0
0
1646
0
991186
0
0
0
0
0
1182
1630
765182
3103578
262834138
759280991
0
0
0
0
0
18120
0
57718190
0
264577134
0
0
0
0
0
10338
25654
32046702
238225406
462717719
712492587
759141342
398579168
0
0
0
0
0
180288
0
965022920
0
886997066
0
83006813
0
0
0
0
0
79818
317338
136189727
388537910
560132342
577689269
567660301
821419653
690415372
796514774
0
0
0
0
0
1684956
0
937145938
0
510014880
0
942235780
0
696587391
0
0
0
0
0
570342
3416994
378354090
315565230
699538539
807555438
47051173
558077885
620388364
175421667
856463275
341279366
