401746
1720260
5817600
1640763
5616088
1307062
4536156
234996
171616
256096
1755835
3572361
2549746
498314
1106356
3844134
3673840
481743
787264
745192
6171000
61296
2367021
1290149
1408051
4111476
1112830
99696
157941
1457365
467272
300545
1551555
202356
6276016
3378653
1849773
166069
5602057
1293140
1066046
3418545
7600061
3622776
4438851
1772176
6860616
152069
4723659
713725
2301984
485192
1792983
6826
7664848
3951619
1718475
6075662
6604464
233171
2957471
659668
739591
1668381
5140500
3408404
6988975
6151616
1604645
734551
31013
5150816
4560000
1511074
1602756
90075
275456
2636
8161425
350032
805581
4314325
1198125
2726315
3182656
3873717
99158
2286566
1644256
385933
4487905
1024899
3546693
1055919
5056277
101299
627397
656864
265276
5496186
