0.4226 0.4226 0.4226 0.4226
O O O O
O O O O
O O O O
O O O O
O O O O
O O O O
O O O O
-616.7700 2697.9974 415.5902 489.3049
-6076.8521 -4084.2637 5702.8828 1476.5029
-1798.1195 811.0618 1695.0573 913.5694
5202.1104 5140.9768 3321.3443 1027.4119
1546.3972 -1053.3971 -5695.8600 1281.5240
-6822.6868 -4767.1655 -5731.3725 348.9794
2898.8145 -932.7749 -2316.7175 1775.7854
-5040.4406 1248.1822 522.5396 1498.8528
-2524.2978 -2119.7433 -3695.7537 2103.9135
7318.5053 -3795.3901 3200.7922 690.6118
-3965.8171 -5108.1722 440.4149 686.8238
-1094.4536 -3216.3441 4388.7469 2127.7897
779.5831 386.9809 -4645.5524 187.9925
-5268.9264 -2490.9196 -5822.9909 1224.8223
-240.2909 845.4901 297.6709 1607.2463
1677.4734 -974.9856 -4004.1827 2557.3994
2853.4311 -745.2818 5976.2243 1679.2216
-870.1101 2204.0301 3048.6523 162.3570
-2171.4055 -442.9020 517.6509 148.9826
537.4327 -752.4066 3001.2228 589.6470
5443.0510 3523.6748 -348.9497 457.5464
-716.9875 -5558.9507 1736.7147 2562.5923
588.5671 -1619.0016 3356.8339 1121.1644
2981.6336 -337.3135 -405.2888 310.2105
531.0439 1190.2316 -46.0535 115.8919
612.4309 -7677.8092 2828.1306 1566.2767
-1828.4642 768.3553 3175.8502 724.2162
-2204.6450 1639.4715 527.0681 1503.5369
1206.3988 -4675.9560 -8028.0106 522.3693
1309.6366 3070.1562 -980.8384 1739.0368
2850.9814 4862.7781 2309.5468 1561.3271
-912.5900 2370.6879 -3089.6617 885.6873
1045.3856 555.1254 1749.9511 2323.5143
-2567.3215 -1202.7630 2901.2099 697.8770
-1956.9568 -1099.5870 -5165.5892 1831.4206
3993.5534 -3154.6220 3471.9505 479.5323
-3573.1674 218.3703 -8494.5906 269.4915
469.4818 -2002.8144 3757.6923 1348.6433
-2332.8535 3379.5202 -5427.1906 334.7700
2640.1137 -2050.6065 -5985.0788 2282.6476
-863.0306 594.1116 -585.6334 2874.4077
1573.2122 -138.8745 -5994.8312 609.7270
362.5921 27.8787 -1481.0753 2449.7453
1968.2246 1262.8580 -2667.1166 1160.8302
3157.4858 -1281.2429 -1722.5971 2332.4386
-4072.5356 -2427.8454 3671.1995 33.7802
4315.8279 5461.0418 -7602.0026 256.9344
1957.4586 -370.6635 -2238.1513 2688.4246
-5747.1982 1502.7765 -1140.3292 1043.0005
1748.3137 -3012.0944 -216.5363 2646.0814
871.1743 -3276.5472 5602.1964 2162.5471
2291.1124 -4617.0488 -4695.5538 857.0397
3879.0896 802.8278 -1898.5342 1553.9178
992.0887 4484.9504 2277.8510 382.0886
3268.0795 1921.0947 3402.4217 1826.8814
450.8042 -4915.6812 2668.4468 911.3693
815.3095 837.4007 3396.9830 480.3433
-3102.3758 -4880.7476 2941.1921 2240.5467
212.0712 -5340.3087 6327.0490 47.0119
2653.9215 3678.0485 -623.9580 1728.4951
3639.2501 -859.9870 1737.8805 2123.9989
4155.4066 3161.8439 -6051.1722 1156.7768
5488.2216 -1686.8857 -5224.8111 799.3154
-1498.1514 7674.0430 44.7040 160.9578
-4316.1442 -3192.7443 110.8635 1869.3055
2765.0859 -1393.9546 116.3136 1097.5493
-2580.5381 -3001.1133 221.0348 1136.8705
853.2122 -2386.4949 -3112.2959 213.7947
7016.3479 1777.0212 -4201.2478 232.7854
-181.3378 -682.3412 1840.3882 1263.4452
2756.9153 -3737.1417 -4836.2183 2466.9982
-3005.2601 6635.3237 241.9972 897.6333
255.0462 -1388.5101 2957.2965 2086.7342
-1656.4450 1247.4707 1791.7973 2497.9574
-1433.3036 -2807.3250 3007.5896 1223.9084
379.4284 3578.8394 -3175.6409 867.9194
-610.7029 -5810.9535 6427.9769 310.5552
-499.1865 1698.0759 -1662.9244 1992.0100
-1502.0593 -1372.8472 6541.4451 823.6544
-2052.5460 3981.6301 316.1685 1992.5723
