91
139
195
4510066
5881362
7781049
6091970
11265073
13852620
4856108
7662882
8513673
7062016
5847920
12688912
4993595
5837037
9351237
6760199
8246065
4144456
4712191
5921916
5776792
7771255
5346743
3105546
8284312
6216371
5458641
12815176
6349725
6727370
2651198
4307102
14456532
3382121
5409553
5172494
5795201
7554003
9555927
5138835
3636076
6012743
15207818
9825805
9043267
8680370
3578253
5695483
5027948
9901806
5811442
6809338
9084629
4142630
6553283
3834027
10213956
10568390
6541239
12135061
6638240
6149737
6900287
5833354
4138852
5322292
6856110
7638578
8586609
6955185
6567271
8157851
4976652
4565748
8449574
8302538
6060467
4164911
6565998
7593968
10405706
7422516
4756830
4978413
9380368
6898852
6818507
9439823
5420805
3148433
7401911
6197076
8781562
2713795
7650785
5783041
6466153
4084037
8531190
5954830
65137740
55281466
28616015
34712703
18103645
33820206
57940604
37500953
17744428
54646110
38297388
58969635
69398784
54903418
74613553
36260095
19803084
35741816
23919298
53534605
66101412
47954901
25344864
30040024
22088126
29975963
35024139
21911836
46569857
20806586
47734328
47159066
36495618
49146787
21603731
81675889
39514643
22000578
38459991
48577789
23709570
44933990
52129159
36869511
13037347
22635902
52173814
72385080
49171296
28677986
36036898
94933021
130501859
369757959
337250158
52230975
202278287
56159608
19491738
208925005
737216031
334377473
21990966
66209112
958787928
573144565
233277442
211993542
816032149
835809089
284397926
546294745
680769852
528734898
890068899
956136035
114798891
331149869
153402397
46767016
843464139
353449026
301097676
970687380
436319742
43670230
366524030
748719652
686540838
463706672
205312577
41513584
12753282
263429076
575126559
169306870
743394396
651403821
367038312
171260889
61757332
514834646
602442024
233057827
155840787
213840955
340355700
85258001
483648219
326376253
460439694
166979468
381647167
891763102
359274561
321327676
238661312
271799822
751489915
700187047
4354049
88072125
429558354
127886200
75574998
64446058
144338032
551675003
644330427
648543946
743690808
62583577
911603673
768263385
420797638
831195522
405791489
632317484
177049260
743700162
286956575
258238047
119848818
386042218
830798136
480391446
258238047
882414326
280892061
395567702
966911423
960045135
117826852
397928219
542969083
942634874
32372848
931059438
833590144
531725434
983828856
214232473
339726155
381078691
839410901
516821968
465781607
559207338
372042565
682184218
470037186
657955386
251625083
912481650
471543637
140123930
410618289
228165384
101337009
539526690
809281759
164294803
877001678
236248516
599207444
659766205
350545918
171681910
67042693
702690449
243902771
226057309
541465925
682295269
825093952
17313425
833605200
690006508
29177108
718412300
