4
6
6
5
9
9
6
7
8
7
6
8
8
9
9
8
6
9
9
5
7
8
6
9
9
6
8
7
5
6
7
9
6
8
6
8
7
7
9
5
8
9
8
8
9
6
8
6
7
8
6
7
8
8
9
6
8
7
9
7
8
8
6
8
7
7
7
8
8
9
8
8
8
9
9
8
8
8
8
6
5
8
6
7
9
8
7
7
9
9
5
9
8
7
8
8
9
6
9
7
8
5
8
7
10
12
6
15
11
12
13
16
9
16
11
8
13
16
10
14
12
10
9
11
15
10
10
8
12
14
14
14
15
14
8
15
11
9
12
14
14
8
11
10
13
16
11
10
17
10
12
13
13
11
10
15
10
10
11
14
15
12
12
13
13
12
10
12
10
12
13
16
13
11
14
15
7
8
10
10
13
11
13
9
14
15
12
11
12
13
11
13
16
15
14
12
9
11
11
9
12
9
13
16
9
10
19
11
14
15
15
19
15
19
17
13
19
14
24
18
21
15
15
18
17
10
13
18
20
20
11
20
13
19
22
11
12
19
17
15
17
13
23
58
34
38
37
24
31
28
27
31
30
27
29
47
34
47
25
23
28
29
37
25
35
20
31
51
39
27
42
22
42
41
67
85
57
64
48
65
61
62
42
59
30
56
64
43
54
68
81
71
63
58
60
50
63
82
77
57
85
77
86
38
83
990
9856
682
6506
43
31
41
6585
66
73
175
9302
452
5456
26
68
317
2397
48
126
470
9297
611
7173
24
64
113
3155
49
112
544
9994
204
5899
27
30
486
5340
61
144
372
9305
633
8882
35
36
357
2436
