81
88
87
78
130
25
104
106
114
131
133
112
155
175
172
106
150
97
76
74
134
78
131
53
38
86
90
6
151
27
59
34
28
99
164
99
129
63
1
51
150
116
74
109
85
142
63
267
59
58
87
88
94
107
94
108
99
36
168
139
35
46
73
118
67
109
111
67
202
55
85
162
105
87
75
32
30
31
104
148
93
93
161
151
124
32
125
64
106
133
63
201
105
54
97
95
111
119
140
51
42
120
158
7952550
8702651
9058882
7976680
9170397
8227508
9194271
8066265
8118086
8792224
8880979
8452171
9259150
8978648
8316741
8867412
8333876
9077035
8420573
8946936
8699825
7789030
8956767
8742899
8382439
8358167
8310085
7780441
8876374
7928458
8075875
8489564
7997859
7978776
8540083
8718384
8722778
8024025
8947499
8841518
8639959
9312958
7853488
8525681
8770686
8829557
8580049
9361589
9118042
8403326
10820663
9754871
9645696
11045520
9621324
10327181
9740693
9986689
11253950
11255180
10875078
10170155
8854715
10775002
11626421
11358113
10003272
10009036
11088875
10484254
10869190
9594231
9558365
9921310
10863119
13111701
10582262
9812733
10329826
10985719
10086022
10118293
11707029
9379319
9748601
9413558
10388641
9905762
10374603
11082543
10762832
12013322
10044986
10635058
10235561
11228275
11031316
9644058
8562982
10679064
83677078
86455929
82794370
76961872
80693275
86606011
78635643
76153720
85035382
87573617
79930290
89276753
82998393
77968180
83891542
84758216
77595812
88139112
78041255
84620181
82423883
81243910
87574390
77589010
83261361
80331863
79661684
83212177
84395844
84148957
86515616
84200614
83302557
79791024
83062092
87461253
79976541
86061078
84400890
87921379
80112910
85999852
80799096
83808614
84695893
81317721
84026036
82149589
84614136
89110370
857354449
422141928
479601070
418665632
49151505
104891266
999250869
883816515
484806384
538166304
453874919
493646151
85294497
532826074
72285925
994944888
216604829
254385182
779689063
180116470
858558236
