4
3
0
57
47
56
48
52
48
48
45
54
58
46
57
58
48
47
48
54
52
51
47
45
48
46
67
50
57
54
47
45
54
52
49
56
45
56
49
49
46
55
56
55
48
58
48
52
67
48
46
48
46
46
48
47
47
53
57
46
53
46
47
47
53
47
51
46
54
46
48
51
46
53
46
58
48
47
46
54
47
47
48
48
46
48
47
47
57
48
65
54
62
49
47
46
48
47
48
66
45
50
47
1583
1810
1590
1604
1580
1679
1679
1998
1640
1599
2161
1562
1748
1582
2215
1922
1543
1464
1865
1742
1731
1728
1822
1528
1580
1954
1561
1605
1651
1758
1644
1581
1698
1568
1687
1619
1611
1582
1753
1493
1849
1753
1494
1658
1699
1628
1869
1701
1674
1757
6041
6617
6310
6193
6281
5605
5895
5895
5609
6114
5974
6162
6163
5971
6110
5784
6871
6518
5870
5934
6679
6636
5515
6112
5830
5812
5875
5834
5711
6000
124769
124769
124768
124774
124759
124774
124764
124775
124783
124763
979078247
788370724
35793557
892796619
872221646
732975173
94128011
185562668
843372177
701359036
9297201
403011538
110862251
239757728
252867801
466736938
241051701
647705007
131132393
987147179
178972745
992556909
919889315
566265614
660805882
269275269
551372074
826681355
308514466
693784265
