669669663
808394541
604812893
703273341
648368507
854628047
40132587
657280353
232078874
975320614
858684005
384101806
420347269
820948241
86734021
523298479
179777961
638997451
773772744
733055810
963112840
608483862
891349773
182336251
875508689
962136565
711744004
618044840
531011823
826582222
862575305
268566843
796654241
337759480
868081605
376960310
222532497
138160387
346294437
236573501
57897209
642418525
254841698
106599086
376707324
584894140
908131896
15325581
857252578
615802533
803854062
686520655
211208493
190229024
654153411
924992191
114130675
100086039
289407325
998223792
981971124
964433939
420190280
778792143
524588796
862678531
999661768
829569973
167281258
297683377
619478494
357347463
354780122
931635520
766517038
402425587
496806149
952385210
56020989
275593298
978759140
353352703
235882592
679028858
318771997
228949894
101259870
544282417
450654040
869925762
964148023
172416094
912046840
30267371
926730651
185527151
243560846
782965680
534931406
707022015
749711913
312041954
95411777
792000135
7548966
163072067
964071236
684896577
992447972
481045907
723707684
500322056
167619808
15022924
195749488
857914958
2894763
884330430
668595374
34346304
5209982
645842624
260335009
271136027
621337631
512754710
455493390
983884939
995191968
562506095
67326013
523811166
970786449
294102627
174714643
193330560
580551726
115485097
340601545
368170111
457316096
973939462
358819599
264775826
795931478
272161304
153518744
427535211
309004795
786947208
67507376
66520083
800187819
268643458
775589887
93787263
2456121
451227806
416735762
578109213
831797306
495850613
741249059
615213218
930204405
560028456
722973890
366574284
597814358
409320043
440519900
847640715
753425450
294933250
6418369
478903667
174588938
454194862
887570554
589570305
976874776
257210850
934435447
545126598
817500719
23383809
301481053
467766749
778256279
137757823
500595551
659328450
172600355
493713103
488586414
92685676
955757324
202206040
785817736
595954178
542620370
6837702
846517353
994954194
841953584
246191335
121098851
864021779
245330190
874037340
418541229
285290849
259200692
27294406
512796604
307317655
208910695
209704505
748444558
707614643
456803094
740123300
53484206
338360320
537937852
301425296
49999471
945127237
505945343
134966076
219094866
643193069
966736457
972359833
897897698
819355109
286481231
722743556
717561043
813992701
83250612
582811167
421538038
681463043
307297193
820142625
146209515
54307335
175315520
943465872
437071237
500513933
949729139
368038101
264908316
927036405
147391282
830084243
938053621
984528731
23930295
268803497
202827104
834882405
433621550
978886607
319723329
806399602
543386207
983996024
564852664
44427083
155198723
567377717
157294093
900342449
588339404
957138761
779554052
17098968
948175251
789287967
113085644
690257770
224277370
651212217
671777759
646132016
687203659
812330131
392275393
728220362
564121515
161340418
87602186
437137287
434465983
313065226
585357154
868516647
789109050
750574568
656320100
633373118
894852958
407029278
907006135
71150663
903702530
351514989
489014488
70973218
997373465
314364831
938252196
152097817
380272598
534680471
626145489
248270545
530823100
742398600
341542537
407785257
27272696
711616399
860349693
251859051
603875675
581778143
307097985
330856040
570401603
619281634
884156807
768142045
870027249
458398381
884326787
854098450
431488939
227320440
871980171
204288515
364595208
385071034
77167430
181965499
51578519
859260074
862093124
636590236
356137669
827881427
106664877
551975039
583093836
750618130
475812128
455799111
858777756
773553651
172561399
411014667
541945390
46395359
3052056
81928685
77740690
30464654
699076506
888099346
256769440
699445999
284099146
77136401
314808642
674835720
175279874
766395004
527284710
747729848
902021223
649550017
873668405
970226682
410042249
354371764
333276265
900723815
355037356
300897338
508957797
308669666
351364893
712869211
282822251
784992127
730810718
118304357
685701956
551515623
453878902
603535604
494265371
331104651
797918112
539771644
753444526
287512548
691486561
837312389
254457645
943774477
356117324
742696255
670418560
239637244
646749439
679929008
414599102
423109854
245357144
180827976
481112582
446557167
19170162
83251063
38356239
793550436
448132677
311939089
69375085
151338421
107260360
404929283
101539855
821128357
696384842
678622974
366888771
234358785
902986917
873360885
474571107
129565263
241558151
846250956
493951023
601626752
200220246
476386276
332938692
543245286
513876570
853973185
226296519
465980737
379642540
874402710
620964845
230155804
854789569
724344650
969925956
957169019
509061798
391887091
682846447
581825197
483030559
383982887
994978853
897011378
376914808
256034034
94083797
301912606
880411428
717727694
305194459
39841452
954541280
553538402
635051794
679470263
815858533
870543631
616905937
379191274
570470256
998167486
975862630
105654010
472786941
891063325
467822317
424737402
549277706
985202269
852126566
364393427
915292212
432966254
880956496
667432007
236652280
411745610
781058439
939189424
596792774
734776437
243591436
355416974
384746035
324859995
73821436
824140879
127445508
335518234
489214356
966115463
126203611
703059178
841302584
109742335
251161679
304233777
930917459
75796610
498038112
601370963
438633584
487671399
650331358
124786088
222882467
9126629
210014143
43415301
880106846
149612196
835637665
828945583
135427115
621406291
670534485
469150405
650963008
95180580
384087668
824740526
148650032
991826079
183223005
117813762
149158125
642521056
593376439
423175261
205085023
7047410
446491072
223827291
591290459
798114303
493305973
577822094
273150005
84740801
671607826
321788755
255543926
572567399
462201614
412542634
163952400
533348701
81965843
270178898
965695672
757698429
191432019
301120801
588316297
980986963
482418893
943799585
777207760
910818345
805495572
27930684
543664835
849281615
334453242
269645092
882738816
462416583
506157248
846177369
606574770
199536447
685491247
569182896
592494285
17303305
636531773
470204464
83735794
632569658
267814596
61360460
963622008
14626279
997397941
491095146
776208031
538072947
749653503
569856580
63656965
501959851
687542659
216996265
103432517
583677217
547063300
818309052
241979741
312900252
18471217
64574621
275045813
933365294
415179832
532176284
946490291
510014684
252610221
612371359
109903180
19128899
115169922
645719408
796843021
792968356
667569596
847076110
911006251
314717011
642049473
410134710
334933018
692560026
973707304
142446241
735369481
674327162
372077963
111109289
377696211
553642576
857025093
808190048
463202678
51759475
275032191
317475229
57667324
637660175
498693130
563869719
70559942
255391812
117379710
972819184
697540449
367417891
778952864
852539811
7553164
963072280
530824728
183235332
843989595
797559878
798409840
352985666
906949749
80071496
356624952
68981616
734995480
319657179
866863208
88583937
745954139
877090377
13508217
819597702
693213316
992632745
41252683
191453892
898117350
391261499
405880
223255445
475348330
665427562
546574474
944738638
530687373
310034028
158904231
321447666
518630929
502184753
504099087
328538860
664144197
144592832
658267007
268061505
533388645
112987726
308266988
178827310
357913108
546847551
605818430
501396602
209058216
719068247
350923772
112098808
64527165
4381082
432087133
324679658
379678922
101365730
694090975
774534214
490264199
368345672
365069950
45150083
506709209
329824133
683155279
117665356
179261340
538660338
559562563
761625276
791931067
234734428
369892111
338402116
780526099
663192397
200845218
888750774
20599482
784382253
888377849
580429018
637263607
284402420
799159377
716283665
243912027
229616534
479961946
229219923
857775431
386867969
532588607
448174354
247474192
864859379
839777399
461369380
295230163
981592982
421713523
764872760
504459904
372582910
667169410
456153491
622277462
267468720
274112235
65232301
157494494
454423023
326801247
988736280
496119976
660544610
136567482
801054296
566004791
508568085
246935347
420433404
758005716
412169490
614660490
25132575
107303826
144228073
884967257
290915056
230017132
785421977
768200618
326243532
39901117
788496294
497339004
84194092
55958033
176415540
664586519
620735415
278614300
816712136
495368403
280814939
981191652
928104540
640467743
42475192
982016608
478094390
583266278
889770551
898986666
214413320
169198794
990704407
945121670
595363417
565649080
956090873
675424993
373651658
317983312
138728307
380881968
258047950
953569410
613235291
566962413
972634683
18555834
146594847
590702302
59385701
754366724
152493214
139325833
289304852
769409086
547357028
690724677
190632428
680122837
819885497
651514279
705942435
826572350
740033869
493438822
508070398
887341855
5553971
487867475
5808004
933194429
143214036
826853511
882122925
207143799
765176418
50548178
690232723
903519372
894338074
893197282
493962177
153938172
807520398
322757279
178946520
316323692
337155533
598601802
757642874
932245827
866504934
15022203
199076238
675209356
769618889
931980533
372394447
753715344
435069181
447309297
738272641
39294114
416665581
974657199
485424937
943624634
191803969
202274090
775002644
582332882
122792827
68811865
