660
1 1 4
12
0 1 3
0
-1
2
14 11 13 12 13
0
-1
0
-1
4
15 11 13 14 14
0
-1
8
12 13 14 14 14
0
-1
4
14 14 11 13 13
4
14 12 10 13 11
0
-1
12
14 11 11 15 13
8
10 13 13 10 14
4
11 15 15 11 15
0
-1
15
14 14 15 10 11
0
-1
0
-1
2
14 10 12 13 13
0
-1
0
-1
482670914
641731565 237585496 299931317 975349898 817690798
787045633
256399554 22699716 121063780 704881273 705460701
848798840
805550377 168935494 285139426 723221868 504833615
42902982
115218925 375561266 816756678 391522818 684618137
400926511
145144922 777990263 71346502 593985005 681222532
403946638
322337018 552962475 7448991 626560658 522315040
724144145
913487604 201745896 366920274 953320957 768466840
238662528
375636072 122940811 464155679 18866920 174161540
887749909
210741837 574016319 184318273 883406197 739705420
186444062
731786047 466624209 89776697 278758050 885810562
665183074
83323569 588327599 435206294 171276663 409022213
987601285
743739013 717629047 545969730 390428315 909529508
270450375
231077759 316827628 290466313 342509224 362538741
301724572
515228228 494732200 988421725 967164371 660598167
563741701
327384917 697767085 778778828 181668398 398110617
103284366
859256503 93506118 972601662 485120446 8850939
716945786
171437057 237789781 886656838 192452489 911604199
145141020
855532712 855664050 358312264 429296357 822094395
979829984
146845448 268095476 448953986 463069371 214285517
657418322
908752241 637271489 971407214 384636597 429969451
163022723
102946672 495883307 678123967 924275556 320562164
452890884
986513611 210113201 927608396 747512043 653784906
265852664
394519016 230351762 897103384 932458724 169404481
305375655
129288841 314922262 847854471 421504461 796412295
535685900
630958530 867491641 97660810 454733766 787808721
750485685
101944929 944096822 953245507 41853865 782957648 769418945 532164254 10491446 94318770 98969529
388812421
531081237 83931939 630529865 895919790 596096057 708788598 176421462 18779768 586937111 176357330
480745312
920765726 996308212 15200860 423437993 528280621 743631635 594954656 103169918 52929876 543889002
719332266
657921492 492782430 144709781 864825594 327816014 132531932 285734499 282097313 779323340 899172733
394974383
250328268 786029416 926584611 929091052 335778097 732751097 404214049 806087094 773212015 787871714
40632708
72122073 222640175 630059199 492428204 38792662 19439554 341567804 195392502 628106807 730223210
250803809
671164200 81596104 79609900 694419568 539326556 479325303 864465224 466275704 919762606 52722798
804494334
820696220 847707947 259517889 75745367 263696835 459489005 905657623 906554644 692205376 756814975
702453842
399188092 284377709 170755858 276804688 785491496 768378785 189996214 824647573 954909986 80595981
591383815
354403483 421324252 964944214 115374817 780956012 427053570 48109038 915190590 423308130 912689803
339364581
174749446 203031824 618414161 586444518 530965503 390120280 573544527 942900186 70764491 271078123
707152402
360149352 37638043 956617424 87665710 535456097 835637382 102934274 636721655 341220019 316845643
483284218
934465291 524422711 906285433 336126463 70285658 484938204 141798510 124228398 478585801 570509338
622843254
659246582 813251795 157983529 458996304 652244334 425015626 432727243 714162659 25750849 281967050
783637428
510039889 701445058 958414883 856970118 946476063 550175254 54235631 931375698 823248750 470632828
640822548
284617947 468398890 552022607 674989749 546374279 280634881 14342815 807485096 287757824 994923008
274168819
191322670 562895729 641163481 213664203 589012361 500044513 317688651 484578281 813988315 536143117
147343730
647660811 380481444 907482059 317248010 690381188 675621143 17822742 766199526 101830053 213201791
40850039
668406063 227375734 932027036 116448160 720798915 903053821 93898342 370196113 341583871 73443573
1491415
535490282 159167137 428186590 337751904 303620788 698803937 365195893 504406005 581303870 292470508
996606788
387134087 20226053 930148574 992378011 15454494 252313115 283803126 753976456 985853032 704555331
416858371
501686387 275798948 838695652 535969655 516757868 74864831 705972908 509275516 516933209 166810560
928335736
353832292 105318459 250879010 664587651 804080776 518116175 335219389 778819001 237104904 823304174
803363291
360807626 960458167 54754319 931276960 359960310 370253583 263851811 977058112 308228539 710434855
675468609
891858291 275093672 507788868 906753478 800668173 730000935 703530436 780502354 462836342 990442822
51150159
110227159 419056543 333862536 78048411 650087808 737398354 256300475 51011903 556160980 240671155 639885170 962411601 860364756 385739920 942292553 910511933 411891386 970835702 251916831 41454256
303513834
583843273 150137693 143033531 452113371 105621109 381395117 550548250 914065894 617635659 26656586 41212057 520462552 97177606
841875747
972077509 588840275 543917535 144489267 809614660 316301224 618929221 417627467 736676964 149088552 16090837 550079808 412069639 104333577 526107413 35182056 139890261 356880829 933371850 620765529
620019489
203937088 569360127 210616375 765708771 752864565 532340713 572148707 744232441 966254087 119216203 725968372
944252283
447026603 860257645 829671662 837109992 990455915 332637970 962449015 988753640 333803355 749867678 919061457 81133080 334452620 855068019
55433905
521225833 31271496 200110561 160609375 859415389 33985619 821951310 487903455 498105173 585993005 831183050 305213793 231584054
800107701
212044161 342368768 276780434 864813165 571773660 910482294 853142163 948070652 13242849 229344784 397854817 456215927 887112870 28952622 209575091 234280932 924854399 640896378 512649851 47520647
951936007
128428139 899936495 434816708 13187409 375711296 461077653 461620483 797791608 772888577 563081932 882944393 623587831 613300154 14901106 454352136 418341194 466263225 206327713 345922922
483486712
57343538 839607153 178229201 286692563 291525266 519189050 649504187 180665018 702696136 818959574 441486823 779899655 266511483 525274169 302652315 315198541 508383888
767044307
438901961 793120908 774941771 996729811 611910888 360331566 328857966 30397435 290743914 64836232 401795218 368095900 390002005
196590669
457473839 496978819 781666944 829339828 59016652 937226054 11274347 814502780 440383531 143628108 994157517
242119492
54187923 141890865 186476528 19409830 76449015 799401703 905329585 870443735 554034809 682240487 540616060 264599462 10824513 893357358 57146143 23781810
810506604
15555873 552295131 239944619 955396378 493435790 631727878 939803909 321064391 726622906 186161200 536629328 941353805 368029915 711269085 698514786 555975121
514978779
184604475 492489466 663566991 551372596 842855395 690929198 223436364 29317746 140482411 480995939 609635837 817079985 318134863 145429732 771951811 401997787 675338828 401258049
870420065
849203651 933819137 68879661 912559718 577257233 573537957 165810115 818605962 555700264 70251188 730502200 255528980 264626563
484249482
54965663 702258382 180398529 464163257 198266248 50079516 118188636 358763830 33911032 686145247 805813741 287584768
75713056
568731787 934204775 709926768 284334033 920278886 145667254 5955872 548537171 497797379 791901657 430895530 158241259 486120548
913855704
890059276 239355420 217958924 569908229 390053647 858406854 405786700 274351490 990001009 210956045 875502366 66244214 241483112 15244921 368088151 196836617 577125991 920013773 43283211
139310906
590767851 31088362 11471725 812634844 927820290 469228328 83536477 975125274 197844743 160996886 706466266 81282066 525450886 266108950 87834896 663285953 922722893 460184770 758841451
451326724
92907113 763731869 325163219 603587710 205402828 326886427 785084587 320156564 541796088 441984380 432494326
978691695
627912879 506255845 919422925 991295100 801361437 349958951 330482642 868867782 402584853 173612395 22592644 207627485 475744173 454380822 861937560 347861702 785675578 886034894 946931716 467232708 874138194 664055413 285752827 441179230 776526023 617995572 676872436 418060378 368809905 489927533
921257817
799002817 49440607 876884565 306095716 71771915 604953336 658003899 588433596 251723631 118463685 98677221 228304923 729811472 679915579 24832663 738388374 386719830 741457425 663741656 536291202 294042850 34431545 730251498 339579251 573374363 689647591 318977620 776874047 884204454 486806421 544071130
387187330
411570340 241699483 429966399 794327884 633870114 733403612 33129120 870687032 446551265 561259619 618077537 875895538 63480175 535861646 503176879 376952950 538483610 812877818 862481913 971448066 702234987 278500741 730586087 914639632 464342580 416589641 55873130 62268514 313525373 44859301 53138608 653127665
415024564
528913466 421937568 724108280 402028905 563283682 333386127 614799779 95614343 900889144 226017182 173976640 425515460 611271562 971401820 350576781 663470540 347286668 709458827 426085341 918331283 726273908 565931824 942378317 339390447 52852438 121270953 619843644 825523879 817151226 80070423 66257496 747008510 517647233 641709568 311422099 308620635 380791293 943968221 410747700 9617641
502311388
472801852 925988647 994992027 344332491 665151658 797087461 377065953 658048000 695716841 829778395 208065989 689886351 963293511 300548946 282528710 547483434 886490787 781130281 547390937 66039606 264545479 241415953 60815029 795612011 415305553 569888023 894623048 606502126 666883242 292996993 386160996 437405889 387848688 599514852 435515265 620707513 713513527 429951086 471094085 518313228
277860419
305851278 152484077 368526164 346037116 193027943 81334200 579554366 130920401 897926497 339473995 752296942 243261054 841150232 993172757 508530339 565068431 158691176 385354178 903211990 621362259 769751664 639793983 112120903 672156501 818888585 669858233 425017331 657986145 478807893 787868828 601661974 269660551 755812271 278149271 456652077 633817107 597272499 558632342 457423095 505638546
174195622
154356547 843005238 398993746 930956998 6898624 612360772 618903614 368129241 260232977 763346823 871821715 329821599 898753714 721423179 258557808 197604358 165949794 749631262 44093232 756260408 325822234 712459213 994394993 62776742 91501339 987214180 101914641 527974138 219214815 152168241 357374505 553008162 354103589 764338112 239083035 948227148 691694570 833838814 232706433 322977251
406935558
745057593 79181235 158010325 717429266 626257555 745714578 86102756 253415127 474887237 750598112 458653392 454528123 243326378 254997197 519749526 822716363 406526816 470117828 462485619 443920084 19134276 522186608 973585893 926462689 940087923 139335619 17622952 355333762 239727434 649087462 843394234 593031554 574158693 111660613 195368791 244963055 625910179 560777362 260524284 255192853
205565169
398490033 217617913 129776480 72286603 446744071 50176927 720426221 462378545 848398439 238678424 623090280 736538360 177264366 763443408 848018577 558098285 84804345 839322998 61521765 737796702 846577956 558857972 281258527 290287064 784125261 19964411 737007935 49408807 900203153 293398646 805679742 837250265 941855565 585172370 35107549 707465402 554945310 885906364 744768151
865174760
211879627 705131546 216306857 279422656 937150047 474905899 175625122 753777555 78075860 686009134 3976340 81623708 972131886 152504441 448579623 357158864 267590579 431721635 461953086 716711012 375263207 166502527 346277377 214383822 173808015 849560098 41822673 47559873 521594545 859481316 67992405 800550196 731604626 277128021 342888307 227060827 743115702 424469326
