3
6
1
3
23
5
11
9
9
9
25
15
7
7
5
43
15
5
7
25
17
9
47
7
15
9
15
7
9
7
9
11
9
9
7
13
13
11
17
9
9
19
9
5
7
11
11
19
5
11
15
5
11
5
8061
8899
12003
7909
9249
8901
11281
10819
17937
8549
11403
10241
10153
10101
7773
9615
10945
13043
9905
10053
9729
9613
10245
9839
10135
9887
10687
10165
9631
9663
9913
10129
9827
10099
10011
9903
9753
10135
10101
10197
9935
10001
9957
9993
9987
9951
10023
9911
9971
10103
