1
0
1
0
0
0
0
0
0
1
0
0
0
1
0
2
0
1
2
0
0
0
0
0
2
2
0
0
1
1
1
0
0
0
0
0
0
1
0
1
0
0
0
0
0
0
0
0
0
0
0
0
0
0
0
0
1
0
0
0
0
0
0
0
0
2
0
0
0
3
0
0
0
0
0
1
0
2
1
0
1
0
2
0
2
0
0
1
0
0
0
0
0
1
1
0
0
0
2
2
0
5
15
8
12
12
13
12
8
17
9
14
9
9
15
18
4
9
8
11
7
5
10
11
6
16
14
9
10
8
9
28
31
17
9
31
32
25
26
33
21
25
31
29
20
25
33
21
31
29
28
22
35
38
55
21
41
30
48
22
49
22
18
32
29
21
19
42
26
33
28
22
27
34
20
44
32
46
41
37
27
28
41
29
34
30
27
19
29
21
25
22
24
43
27
48
39
33
27
23
33
444
505
382
483
1133
1123
1183
1106
1140
988036
988036
760145
635166
866096
974958
